

[212054Z] PARSING
[212114Z] PARSING
[212134Z] PARSING
[212134Z] Tweet-ID: 893220204779634689
          Tweet:    final tests @josh_knoerzia
          Answer:   I have evolved!!!
          Solved:   false
[212154Z] PARSING
[212214Z] PARSING
[212234Z] PARSING
[212254Z] PARSING
[212314Z] PARSING
[212314Z] Tweet-ID: 893220606887514112
          Tweet:    I have evolved!!! @josh_knoerzia
          Answer:   I have evolved!!!
          Solved:   false
[212334Z] PARSING
[212354Z] PARSING
[212414Z] PARSING
[212434Z] PARSING
[212454Z] PARSING
[212514Z] PARSING
[212534Z] PARSING